{
  "stats": {
    "suites": 3,
    "tests": 5,
    "passes": 5,
    "pending": 0,
    "failures": 0,
    "start": "2020-12-08T02:32:29.298Z",
    "end": "2020-12-08T02:33:43.710Z",
    "duration": 59356,
    "testsRegistered": 5,
    "passPercent": 100,
    "pendingPercent": 0,
    "other": 0,
    "hasOther": false,
    "skipped": 0,
    "hasSkipped": false
  },
  "results": [
    {
      "uuid": "f140ff1b-566c-4fe8-933a-e0210227bb16",
      "title": "",
      "fullFile": "cypress\\integration\\testcases\\AddNewCustomerTest.spec.js",
      "file": "cypress\\integration\\testcases\\AddNewCustomerTest.spec.js",
      "beforeHooks": [],
      "afterHooks": [],
      "tests": [],
      "suites": [
        {
          "uuid": "abb257df-a20e-4676-a01a-36f01f34ba5f",
          "title": "Add New Customer TestSuite",
          "fullFile": "",
          "file": "",
          "beforeHooks": [],
          "afterHooks": [],
          "tests": [
            {
              "title": "Add New Customer Testcase",
              "fullTitle": "Add New Customer TestSuite Add New Customer Testcase",
              "timedOut": null,
              "duration": 47390,
              "state": "passed",
              "speed": "slow",
              "pass": true,
              "fail": false,
              "pending": false,
              "context": null,
              "code": "homePage.loginAsBankManager();\naddCust.addCustomerDetails(data.firstname, data.lastname, data.postcode);\n(0, _utils.verifyAlert1)(data.alertmsg);",
              "err": {},
              "uuid": "fd138ed2-fe51-4b83-b577-e4aa10a99507",
              "parentUUID": "abb257df-a20e-4676-a01a-36f01f34ba5f",
              "isHook": false,
              "skipped": false
            }
          ],
          "suites": [],
          "passes": [
            "fd138ed2-fe51-4b83-b577-e4aa10a99507"
          ],
          "failures": [],
          "pending": [],
          "skipped": [],
          "duration": 47390,
          "root": false,
          "rootEmpty": false,
          "_timeout": 2000
        }
      ],
      "passes": [],
      "failures": [],
      "pending": [],
      "skipped": [],
      "duration": 0,
      "root": true,
      "rootEmpty": true,
      "_timeout": 2000
    },
    {
      "uuid": "76201297-dec5-4314-a660-8369991913d8",
      "title": "",
      "fullFile": "cypress\\integration\\testcases\\BankManagerLoginTest.spec.js",
      "file": "cypress\\integration\\testcases\\BankManagerLoginTest.spec.js",
      "beforeHooks": [],
      "afterHooks": [],
      "tests": [],
      "suites": [
        {
          "uuid": "788db380-f2ee-4d3b-9dc2-4f0a78cccbc1",
          "title": "Login As Bank Manager Testcase",
          "fullFile": "",
          "file": "",
          "beforeHooks": [],
          "afterHooks": [],
          "tests": [
            {
              "title": "Validate Title of the Page",
              "fullTitle": "Login As Bank Manager Testcase Validate Title of the Page",
              "timedOut": null,
              "duration": 1613,
              "state": "passed",
              "speed": "slow",
              "pass": true,
              "fail": false,
              "pending": false,
              "context": null,
              "code": "homePage.validateTitle().should('eq', 'Protractor practice website - Banking App');",
              "err": {},
              "uuid": "4206a74d-55e5-4a55-8e21-7542e38708c6",
              "parentUUID": "788db380-f2ee-4d3b-9dc2-4f0a78cccbc1",
              "isHook": false,
              "skipped": false
            },
            {
              "title": "Verify Login As Bank Manager",
              "fullTitle": "Login As Bank Manager Testcase Verify Login As Bank Manager",
              "timedOut": null,
              "duration": 624,
              "state": "passed",
              "speed": "slow",
              "pass": true,
              "fail": false,
              "pending": false,
              "context": null,
              "code": "homePage.loginAsBankManager();",
              "err": {},
              "uuid": "b7826499-cff6-4e5c-a908-a00150cecbb8",
              "parentUUID": "788db380-f2ee-4d3b-9dc2-4f0a78cccbc1",
              "isHook": false,
              "skipped": false
            },
            {
              "title": "Verify Login As Customer",
              "fullTitle": "Login As Bank Manager Testcase Verify Login As Customer",
              "timedOut": null,
              "duration": 391,
              "state": "passed",
              "speed": "slow",
              "pass": true,
              "fail": false,
              "pending": false,
              "context": null,
              "code": "homePage.loginAsCustomer();",
              "err": {},
              "uuid": "d9928a70-cb9e-44d2-8482-bac0ec3dc0b4",
              "parentUUID": "788db380-f2ee-4d3b-9dc2-4f0a78cccbc1",
              "isHook": false,
              "skipped": false
            }
          ],
          "suites": [],
          "passes": [
            "4206a74d-55e5-4a55-8e21-7542e38708c6",
            "b7826499-cff6-4e5c-a908-a00150cecbb8",
            "d9928a70-cb9e-44d2-8482-bac0ec3dc0b4"
          ],
          "failures": [],
          "pending": [],
          "skipped": [],
          "duration": 2628,
          "root": false,
          "rootEmpty": false,
          "_timeout": 2000
        }
      ],
      "passes": [],
      "failures": [],
      "pending": [],
      "skipped": [],
      "duration": 0,
      "root": true,
      "rootEmpty": true,
      "_timeout": 2000
    },
    {
      "uuid": "cbfa6b24-0a57-4dfe-b4d4-519588911d6b",
      "title": "",
      "fullFile": "cypress\\integration\\testcases\\OpenAccountTest.spec.js",
      "file": "cypress\\integration\\testcases\\OpenAccountTest.spec.js",
      "beforeHooks": [],
      "afterHooks": [],
      "tests": [],
      "suites": [
        {
          "uuid": "f5619145-494b-4e31-9333-3961ffef8152",
          "title": "Open Account TestSuite",
          "fullFile": "",
          "file": "",
          "beforeHooks": [],
          "afterHooks": [],
          "tests": [
            {
              "title": "Open Account Testcase",
              "fullTitle": "Open Account TestSuite Open Account Testcase",
              "timedOut": null,
              "duration": 9338,
              "state": "passed",
              "speed": "slow",
              "pass": true,
              "fail": false,
              "pending": false,
              "context": null,
              "code": "homePage.loginAsBankManager();\naddCust.addCustomerDetails(data.firstname, data.lastname, data.postcode);\naddCust.verifyAlert(data.alertmsg);\nopenaccount.openAccount(data.customer, data.currencyToSelect);\nopenaccount.verifyAlert(data.accountalert);",
              "err": {},
              "uuid": "803b70d4-c890-40bc-96f5-8a36f64e5c03",
              "parentUUID": "f5619145-494b-4e31-9333-3961ffef8152",
              "isHook": false,
              "skipped": false
            }
          ],
          "suites": [],
          "passes": [
            "803b70d4-c890-40bc-96f5-8a36f64e5c03"
          ],
          "failures": [],
          "pending": [],
          "skipped": [],
          "duration": 9338,
          "root": false,
          "rootEmpty": false,
          "_timeout": 2000
        }
      ],
      "passes": [],
      "failures": [],
      "pending": [],
      "skipped": [],
      "duration": 0,
      "root": true,
      "rootEmpty": true,
      "_timeout": 2000
    }
  ],
  "meta": {
    "mocha": {
      "version": "7.0.1"
    },
    "mochawesome": {
      "options": {
        "quiet": false,
        "reportFilename": "mochawesome",
        "saveHtml": false,
        "saveJson": true,
        "consoleReporter": "spec",
        "useInlineDiffs": false,
        "code": true
      },
      "version": "6.2.1"
    },
    "marge": {
      "options": {
        "reportDir": "cypress/results/specs",
        "overwrite": false,
        "html": false,
        "json": true,
        "charts": true,
        "timestamp": "ddmmyyyy_HHMMss"
      },
      "version": "5.1.0"
    }
  }
}