{
  "stats": {
    "suites": 1,
    "tests": 3,
    "passes": 3,
    "pending": 0,
    "failures": 0,
    "start": "2020-12-11T01:33:56.622Z",
    "end": "2020-12-11T01:33:59.400Z",
    "duration": 2778,
    "testsRegistered": 3,
    "passPercent": 100,
    "pendingPercent": 0,
    "other": 0,
    "hasOther": false,
    "skipped": 0,
    "hasSkipped": false
  },
  "results": [
    {
      "uuid": "8a308d9a-7a53-4620-9aed-b3e0a1e4da4f",
      "title": "",
      "fullFile": "cypress\\integration\\testcases\\BankManagerLoginTest.spec.js",
      "file": "cypress\\integration\\testcases\\BankManagerLoginTest.spec.js",
      "beforeHooks": [],
      "afterHooks": [],
      "tests": [],
      "suites": [
        {
          "uuid": "64270c84-2e1b-46b5-8778-e0beb8bc4e41",
          "title": "Login As Bank Manager Testcase",
          "fullFile": "",
          "file": "",
          "beforeHooks": [],
          "afterHooks": [],
          "tests": [
            {
              "title": "Validate Title of the Page",
              "fullTitle": "Login As Bank Manager Testcase Validate Title of the Page",
              "timedOut": null,
              "duration": 1588,
              "state": "passed",
              "speed": "slow",
              "pass": true,
              "fail": false,
              "pending": false,
              "context": null,
              "code": "homePage.validateTitle().should('eq', 'Protractor practice website - Banking App');",
              "err": {},
              "uuid": "4d2dc344-78c6-4676-b8ad-010381dd857a",
              "parentUUID": "64270c84-2e1b-46b5-8778-e0beb8bc4e41",
              "isHook": false,
              "skipped": false
            },
            {
              "title": "Verify Login As Bank Manager",
              "fullTitle": "Login As Bank Manager Testcase Verify Login As Bank Manager",
              "timedOut": null,
              "duration": 747,
              "state": "passed",
              "speed": "slow",
              "pass": true,
              "fail": false,
              "pending": false,
              "context": null,
              "code": "homePage.loginAsBankManager();",
              "err": {},
              "uuid": "ca6b5ecc-7e3d-4c69-8c10-867f1d293281",
              "parentUUID": "64270c84-2e1b-46b5-8778-e0beb8bc4e41",
              "isHook": false,
              "skipped": false
            },
            {
              "title": "Verify Login As Customer",
              "fullTitle": "Login As Bank Manager Testcase Verify Login As Customer",
              "timedOut": null,
              "duration": 395,
              "state": "passed",
              "speed": "slow",
              "pass": true,
              "fail": false,
              "pending": false,
              "context": null,
              "code": "homePage.loginAsCustomer();",
              "err": {},
              "uuid": "6ea4a512-13b3-4304-9ce9-e158a05cabf7",
              "parentUUID": "64270c84-2e1b-46b5-8778-e0beb8bc4e41",
              "isHook": false,
              "skipped": false
            }
          ],
          "suites": [],
          "passes": [
            "4d2dc344-78c6-4676-b8ad-010381dd857a",
            "ca6b5ecc-7e3d-4c69-8c10-867f1d293281",
            "6ea4a512-13b3-4304-9ce9-e158a05cabf7"
          ],
          "failures": [],
          "pending": [],
          "skipped": [],
          "duration": 2730,
          "root": false,
          "rootEmpty": false,
          "_timeout": 2000
        }
      ],
      "passes": [],
      "failures": [],
      "pending": [],
      "skipped": [],
      "duration": 0,
      "root": true,
      "rootEmpty": true,
      "_timeout": 2000
    }
  ],
  "meta": {
    "mocha": {
      "version": "7.0.1"
    },
    "mochawesome": {
      "options": {
        "quiet": false,
        "reportFilename": "mochawesome",
        "saveHtml": false,
        "saveJson": true,
        "consoleReporter": "spec",
        "useInlineDiffs": false,
        "code": true
      },
      "version": "6.2.1"
    },
    "marge": {
      "options": {
        "reportDir": "cypress/results/specs",
        "overwrite": false,
        "html": false,
        "json": true,
        "charts": true,
        "timestamp": "ddmmyyyy_HHMMss"
      },
      "version": "5.1.0"
    }
  }
}