{
  "stats": {
    "suites": 1,
    "tests": 1,
    "passes": 0,
    "pending": 0,
    "failures": 1,
    "start": "2020-12-09T17:55:14.969Z",
    "end": "2020-12-09T17:55:26.246Z",
    "duration": 11277,
    "testsRegistered": 1,
    "passPercent": 0,
    "pendingPercent": 0,
    "other": 0,
    "hasOther": false,
    "skipped": 0,
    "hasSkipped": false
  },
  "results": [
    {
      "uuid": "8a364eaf-ea44-42e6-81cb-dd8799dd4c68",
      "title": "",
      "fullFile": "cypress\\integration\\testcases\\AddNewCustomerTest.spec.js",
      "file": "cypress\\integration\\testcases\\AddNewCustomerTest.spec.js",
      "beforeHooks": [],
      "afterHooks": [],
      "tests": [],
      "suites": [
        {
          "uuid": "e8f36650-9d66-48f5-967f-2dd779e12458",
          "title": "Add New Customer TestSuite",
          "fullFile": "",
          "file": "",
          "beforeHooks": [],
          "afterHooks": [],
          "tests": [
            {
              "title": "Add New Customer Testcase",
              "fullTitle": "Add New Customer TestSuite Add New Customer Testcase",
              "timedOut": null,
              "duration": 11212,
              "state": "failed",
              "speed": null,
              "pass": false,
              "fail": true,
              "pending": false,
              "context": null,
              "code": "homePage.loginAsBankManager();\naddCust.addCustomerDetails(data.firstname, data.lastname, data.postcode);\n(0, _utils.verifyAlert1)(data.alertmsg);",
              "err": {
                "message": "TypeError: custElement.addCustomerSubmit1 is not a function",
                "estack": "TypeError: custElement.addCustomerSubmit1 is not a function\n    at AddCustomerPageActions.addCustomerDetails (http://www.way2automation.com/__cypress/tests?p=cypress\\integration\\testcases\\AddNewCustomerTest.spec.js:279:19)\n    at Context.eval (http://www.way2automation.com/__cypress/tests?p=cypress\\integration\\testcases\\AddNewCustomerTest.spec.js:186:13)",
                "diff": null
              },
              "uuid": "b6e3c125-5dde-4d98-8524-ddf4bb711990",
              "parentUUID": "e8f36650-9d66-48f5-967f-2dd779e12458",
              "isHook": false,
              "skipped": false
            }
          ],
          "suites": [],
          "passes": [],
          "failures": [
            "b6e3c125-5dde-4d98-8524-ddf4bb711990"
          ],
          "pending": [],
          "skipped": [],
          "duration": 11212,
          "root": false,
          "rootEmpty": false,
          "_timeout": 2000
        }
      ],
      "passes": [],
      "failures": [],
      "pending": [],
      "skipped": [],
      "duration": 0,
      "root": true,
      "rootEmpty": true,
      "_timeout": 2000
    }
  ],
  "meta": {
    "mocha": {
      "version": "7.0.1"
    },
    "mochawesome": {
      "options": {
        "quiet": false,
        "reportFilename": "mochawesome",
        "saveHtml": false,
        "saveJson": true,
        "consoleReporter": "spec",
        "useInlineDiffs": false,
        "code": true
      },
      "version": "6.2.1"
    },
    "marge": {
      "options": {
        "reportDir": "cypress/results/specs",
        "overwrite": false,
        "html": false,
        "json": true,
        "charts": true,
        "timestamp": "ddmmyyyy_HHMMss"
      },
      "version": "5.1.0"
    }
  }
}