{
  "stats": {
    "suites": 1,
    "tests": 1,
    "passes": 1,
    "pending": 0,
    "failures": 0,
    "start": "2020-12-11T00:45:10.525Z",
    "end": "2020-12-11T00:45:22.758Z",
    "duration": 12233,
    "testsRegistered": 1,
    "passPercent": 100,
    "pendingPercent": 0,
    "other": 0,
    "hasOther": false,
    "skipped": 0,
    "hasSkipped": false
  },
  "results": [
    {
      "uuid": "326b6a9a-7fe8-46e0-8167-c58d8a385b7d",
      "title": "",
      "fullFile": "cypress\\integration\\testcases\\AddNewCustomerTest.spec.js",
      "file": "cypress\\integration\\testcases\\AddNewCustomerTest.spec.js",
      "beforeHooks": [],
      "afterHooks": [],
      "tests": [],
      "suites": [
        {
          "uuid": "cd669666-cbba-4f6f-b870-bfcb0e42385d",
          "title": "Add New Customer TestSuite",
          "fullFile": "",
          "file": "",
          "beforeHooks": [],
          "afterHooks": [],
          "tests": [
            {
              "title": "Add New Customer Testcase",
              "fullTitle": "Add New Customer TestSuite Add New Customer Testcase",
              "timedOut": null,
              "duration": 12209,
              "state": "passed",
              "speed": "slow",
              "pass": true,
              "fail": false,
              "pending": false,
              "context": null,
              "code": "homePage.loginAsBankManager();\naddCust.addCustomerDetails(data.firstname, data.lastname, data.postcode);\n(0, _utils.verifyAlert1)(data.alertmsg);",
              "err": {},
              "uuid": "736fdb82-ed9c-4d72-b47b-5ac660a9c0e7",
              "parentUUID": "cd669666-cbba-4f6f-b870-bfcb0e42385d",
              "isHook": false,
              "skipped": false
            }
          ],
          "suites": [],
          "passes": [
            "736fdb82-ed9c-4d72-b47b-5ac660a9c0e7"
          ],
          "failures": [],
          "pending": [],
          "skipped": [],
          "duration": 12209,
          "root": false,
          "rootEmpty": false,
          "_timeout": 2000
        }
      ],
      "passes": [],
      "failures": [],
      "pending": [],
      "skipped": [],
      "duration": 0,
      "root": true,
      "rootEmpty": true,
      "_timeout": 2000
    }
  ],
  "meta": {
    "mocha": {
      "version": "7.0.1"
    },
    "mochawesome": {
      "options": {
        "quiet": false,
        "reportFilename": "mochawesome",
        "saveHtml": false,
        "saveJson": true,
        "consoleReporter": "spec",
        "useInlineDiffs": false,
        "code": true
      },
      "version": "6.2.1"
    },
    "marge": {
      "options": {
        "reportDir": "cypress/results/specs",
        "overwrite": false,
        "html": false,
        "json": true,
        "charts": true,
        "timestamp": "ddmmyyyy_HHMMss"
      },
      "version": "5.1.0"
    }
  }
}