{
  "stats": {
    "suites": 1,
    "tests": 1,
    "passes": 1,
    "pending": 0,
    "failures": 0,
    "start": "2020-12-09T17:05:44.633Z",
    "end": "2020-12-09T17:05:49.318Z",
    "duration": 4685,
    "testsRegistered": 1,
    "passPercent": 100,
    "pendingPercent": 0,
    "other": 0,
    "hasOther": false,
    "skipped": 0,
    "hasSkipped": false
  },
  "results": [
    {
      "uuid": "3650c668-608a-4bc6-9842-8750a22239f9",
      "title": "",
      "fullFile": "cypress\\integration\\testcases\\OpenAccountTest.spec.js",
      "file": "cypress\\integration\\testcases\\OpenAccountTest.spec.js",
      "beforeHooks": [],
      "afterHooks": [],
      "tests": [],
      "suites": [
        {
          "uuid": "38208b1e-ff4d-47b9-a6c8-24a297764050",
          "title": "Open Account TestSuite",
          "fullFile": "",
          "file": "",
          "beforeHooks": [],
          "afterHooks": [],
          "tests": [
            {
              "title": "Open Account Testcase",
              "fullTitle": "Open Account TestSuite Open Account Testcase",
              "timedOut": null,
              "duration": 4635,
              "state": "passed",
              "speed": "slow",
              "pass": true,
              "fail": false,
              "pending": false,
              "context": null,
              "code": "homePage.loginAsBankManager();\naddCust.addCustomerDetails(data.firstname, data.lastname, data.postcode);\naddCust.verifyAlert(data.alertmsg);\nopenaccount.openAccount(data.customer, data.currencyToSelect);\nopenaccount.verifyAlert(data.accountalert);",
              "err": {},
              "uuid": "381f6b6e-b0c9-4705-bf64-b7fea9037264",
              "parentUUID": "38208b1e-ff4d-47b9-a6c8-24a297764050",
              "isHook": false,
              "skipped": false
            }
          ],
          "suites": [],
          "passes": [
            "381f6b6e-b0c9-4705-bf64-b7fea9037264"
          ],
          "failures": [],
          "pending": [],
          "skipped": [],
          "duration": 4635,
          "root": false,
          "rootEmpty": false,
          "_timeout": 2000
        }
      ],
      "passes": [],
      "failures": [],
      "pending": [],
      "skipped": [],
      "duration": 0,
      "root": true,
      "rootEmpty": true,
      "_timeout": 2000
    }
  ],
  "meta": {
    "mocha": {
      "version": "7.0.1"
    },
    "mochawesome": {
      "options": {
        "quiet": false,
        "reportFilename": "mochawesome",
        "saveHtml": false,
        "saveJson": true,
        "consoleReporter": "spec",
        "useInlineDiffs": false,
        "code": true
      },
      "version": "6.2.1"
    },
    "marge": {
      "options": {
        "reportDir": "cypress/results/specs",
        "overwrite": false,
        "html": false,
        "json": true,
        "charts": true,
        "timestamp": "ddmmyyyy_HHMMss"
      },
      "version": "5.1.0"
    }
  }
}