{
  "stats": {
    "suites": 1,
    "tests": 1,
    "passes": 1,
    "pending": 0,
    "failures": 0,
    "start": "2020-12-09T16:48:02.648Z",
    "end": "2020-12-09T16:48:07.360Z",
    "duration": 4712,
    "testsRegistered": 1,
    "passPercent": 100,
    "pendingPercent": 0,
    "other": 0,
    "hasOther": false,
    "skipped": 0,
    "hasSkipped": false
  },
  "results": [
    {
      "uuid": "60ffa42a-e39b-4f1c-8a87-ead1d7c649a7",
      "title": "",
      "fullFile": "cypress\\integration\\testcases\\OpenAccountTest.spec.js",
      "file": "cypress\\integration\\testcases\\OpenAccountTest.spec.js",
      "beforeHooks": [],
      "afterHooks": [],
      "tests": [],
      "suites": [
        {
          "uuid": "6beee43c-673a-43b5-b021-90eae481af83",
          "title": "Open Account TestSuite",
          "fullFile": "",
          "file": "",
          "beforeHooks": [],
          "afterHooks": [],
          "tests": [
            {
              "title": "Open Account Testcase",
              "fullTitle": "Open Account TestSuite Open Account Testcase",
              "timedOut": null,
              "duration": 4654,
              "state": "passed",
              "speed": "slow",
              "pass": true,
              "fail": false,
              "pending": false,
              "context": null,
              "code": "homePage.loginAsBankManager();\naddCust.addCustomerDetails(data.firstname, data.lastname, data.postcode);\naddCust.verifyAlert(data.alertmsg);\nopenaccount.openAccount(data.customer, data.currencyToSelect);\nopenaccount.verifyAlert(data.accountalert);",
              "err": {},
              "uuid": "fdc082ee-bce9-40a1-a5b6-eca7837ec29c",
              "parentUUID": "6beee43c-673a-43b5-b021-90eae481af83",
              "isHook": false,
              "skipped": false
            }
          ],
          "suites": [],
          "passes": [
            "fdc082ee-bce9-40a1-a5b6-eca7837ec29c"
          ],
          "failures": [],
          "pending": [],
          "skipped": [],
          "duration": 4654,
          "root": false,
          "rootEmpty": false,
          "_timeout": 2000
        }
      ],
      "passes": [],
      "failures": [],
      "pending": [],
      "skipped": [],
      "duration": 0,
      "root": true,
      "rootEmpty": true,
      "_timeout": 2000
    }
  ],
  "meta": {
    "mocha": {
      "version": "7.0.1"
    },
    "mochawesome": {
      "options": {
        "quiet": false,
        "reportFilename": "mochawesome",
        "saveHtml": false,
        "saveJson": true,
        "consoleReporter": "spec",
        "useInlineDiffs": false,
        "code": true
      },
      "version": "6.2.1"
    },
    "marge": {
      "options": {
        "reportDir": "cypress/results/specs",
        "overwrite": false,
        "html": false,
        "json": true,
        "charts": true,
        "timestamp": "ddmmyyyy_HHMMss"
      },
      "version": "5.1.0"
    }
  }
}