{
  "stats": {
    "suites": 1,
    "tests": 3,
    "passes": 3,
    "pending": 0,
    "failures": 0,
    "start": "2020-12-11T00:50:35.927Z",
    "end": "2020-12-11T00:50:38.607Z",
    "duration": 2680,
    "testsRegistered": 3,
    "passPercent": 100,
    "pendingPercent": 0,
    "other": 0,
    "hasOther": false,
    "skipped": 0,
    "hasSkipped": false
  },
  "results": [
    {
      "uuid": "5d226e48-7e4c-4100-9ce2-cff6e69fdd63",
      "title": "",
      "fullFile": "cypress\\integration\\testcases\\BankManagerLoginTest.spec.js",
      "file": "cypress\\integration\\testcases\\BankManagerLoginTest.spec.js",
      "beforeHooks": [],
      "afterHooks": [],
      "tests": [],
      "suites": [
        {
          "uuid": "473ae277-f92c-4929-80e6-80165bcbe080",
          "title": "Login As Bank Manager Testcase",
          "fullFile": "",
          "file": "",
          "beforeHooks": [],
          "afterHooks": [],
          "tests": [
            {
              "title": "Validate Title of the Page",
              "fullTitle": "Login As Bank Manager Testcase Validate Title of the Page",
              "timedOut": null,
              "duration": 1592,
              "state": "passed",
              "speed": "slow",
              "pass": true,
              "fail": false,
              "pending": false,
              "context": null,
              "code": "homePage.validateTitle().should('eq', 'Protractor practice website - Banking App');",
              "err": {},
              "uuid": "12455fd4-030e-4cc9-ba1c-b1b07645d7e2",
              "parentUUID": "473ae277-f92c-4929-80e6-80165bcbe080",
              "isHook": false,
              "skipped": false
            },
            {
              "title": "Verify Login As Bank Manager",
              "fullTitle": "Login As Bank Manager Testcase Verify Login As Bank Manager",
              "timedOut": null,
              "duration": 616,
              "state": "passed",
              "speed": "slow",
              "pass": true,
              "fail": false,
              "pending": false,
              "context": null,
              "code": "homePage.loginAsBankManager();",
              "err": {},
              "uuid": "3445356a-f928-48df-bc21-1ec52f13262e",
              "parentUUID": "473ae277-f92c-4929-80e6-80165bcbe080",
              "isHook": false,
              "skipped": false
            },
            {
              "title": "Verify Login As Customer",
              "fullTitle": "Login As Bank Manager Testcase Verify Login As Customer",
              "timedOut": null,
              "duration": 406,
              "state": "passed",
              "speed": "slow",
              "pass": true,
              "fail": false,
              "pending": false,
              "context": null,
              "code": "homePage.loginAsCustomer();",
              "err": {},
              "uuid": "bf7a1074-d4e8-48c0-9c2c-2378154d1267",
              "parentUUID": "473ae277-f92c-4929-80e6-80165bcbe080",
              "isHook": false,
              "skipped": false
            }
          ],
          "suites": [],
          "passes": [
            "12455fd4-030e-4cc9-ba1c-b1b07645d7e2",
            "3445356a-f928-48df-bc21-1ec52f13262e",
            "bf7a1074-d4e8-48c0-9c2c-2378154d1267"
          ],
          "failures": [],
          "pending": [],
          "skipped": [],
          "duration": 2614,
          "root": false,
          "rootEmpty": false,
          "_timeout": 2000
        }
      ],
      "passes": [],
      "failures": [],
      "pending": [],
      "skipped": [],
      "duration": 0,
      "root": true,
      "rootEmpty": true,
      "_timeout": 2000
    }
  ],
  "meta": {
    "mocha": {
      "version": "7.0.1"
    },
    "mochawesome": {
      "options": {
        "quiet": false,
        "reportFilename": "mochawesome",
        "saveHtml": false,
        "saveJson": true,
        "consoleReporter": "spec",
        "useInlineDiffs": false,
        "code": true
      },
      "version": "6.2.1"
    },
    "marge": {
      "options": {
        "reportDir": "cypress/results/specs",
        "overwrite": false,
        "html": false,
        "json": true,
        "charts": true,
        "timestamp": "ddmmyyyy_HHMMss"
      },
      "version": "5.1.0"
    }
  }
}