{
  "stats": {
    "suites": 1,
    "tests": 1,
    "passes": 0,
    "pending": 0,
    "failures": 1,
    "start": "2020-12-10T21:09:58.348Z",
    "end": "2020-12-10T21:10:19.472Z",
    "duration": 21124,
    "testsRegistered": 1,
    "passPercent": 0,
    "pendingPercent": 0,
    "other": 0,
    "hasOther": false,
    "skipped": 0,
    "hasSkipped": false
  },
  "results": [
    {
      "uuid": "c58d78ad-8dff-42e5-8bb3-2b1ef7c87530",
      "title": "",
      "fullFile": "cypress\\integration\\testcases\\OpenAccountTest.spec.js",
      "file": "cypress\\integration\\testcases\\OpenAccountTest.spec.js",
      "beforeHooks": [],
      "afterHooks": [],
      "tests": [],
      "suites": [
        {
          "uuid": "d4e8583b-2fc1-4b94-a4dc-7b501d52d208",
          "title": "Open Account TestSuite",
          "fullFile": "",
          "file": "",
          "beforeHooks": [],
          "afterHooks": [],
          "tests": [
            {
              "title": "Open Account Testcase",
              "fullTitle": "Open Account TestSuite Open Account Testcase",
              "timedOut": null,
              "duration": 4388,
              "state": "failed",
              "speed": null,
              "pass": false,
              "fail": true,
              "pending": false,
              "context": null,
              "code": "homePage.loginAsBankManager();\naddCust.addCustomerDetails(data.firstname, data.lastname, data.postcode);\naddCust.verifyAlert(data.alertmsg);\nopenaccount.openAccount(data.customer, data.currencyToSelect);\nopenaccount.verifyAlert(data.accountalert);",
              "err": {
                "message": "TypeError: custElement.addCustomerSubmit1 is not a function",
                "estack": "TypeError: custElement.addCustomerSubmit1 is not a function\n    at AddCustomerPageActions.addCustomerDetails (http://www.way2automation.com/__cypress/tests?p=cypress\\integration\\testcases\\OpenAccountTest.spec.js:283:19)\n    at Context.eval (http://www.way2automation.com/__cypress/tests?p=cypress\\integration\\testcases\\OpenAccountTest.spec.js:188:13)",
                "diff": null
              },
              "uuid": "5be88bca-261d-488b-9db8-c43de513998f",
              "parentUUID": "d4e8583b-2fc1-4b94-a4dc-7b501d52d208",
              "isHook": false,
              "skipped": false
            }
          ],
          "suites": [],
          "passes": [],
          "failures": [
            "5be88bca-261d-488b-9db8-c43de513998f"
          ],
          "pending": [],
          "skipped": [],
          "duration": 4388,
          "root": false,
          "rootEmpty": false,
          "_timeout": 2000
        }
      ],
      "passes": [],
      "failures": [],
      "pending": [],
      "skipped": [],
      "duration": 0,
      "root": true,
      "rootEmpty": true,
      "_timeout": 2000
    }
  ],
  "meta": {
    "mocha": {
      "version": "7.0.1"
    },
    "mochawesome": {
      "options": {
        "quiet": false,
        "reportFilename": "mochawesome",
        "saveHtml": false,
        "saveJson": true,
        "consoleReporter": "spec",
        "useInlineDiffs": false,
        "code": true
      },
      "version": "6.2.1"
    },
    "marge": {
      "options": {
        "reportDir": "cypress/results/specs",
        "overwrite": false,
        "html": false,
        "json": true,
        "charts": true,
        "timestamp": "ddmmyyyy_HHMMss"
      },
      "version": "5.1.0"
    }
  }
}